<?xml version="1.0" encoding="UTF-8"?>
<testsuites name="jest tests" tests="2" failures="0" errors="0" time="0.234">
  <testsuite name="Maths" errors="0" failures="0" skipped="0" timestamp="2025-08-29T04:11:53" time="0.134" tests="2">
    <testcase classname="Maths Deberia sumar 2 + 3 y dar 5" name="Maths Deberia sumar 2 + 3 y dar 5" time="0">
    </testcase>
    <testcase classname="Maths Deberia restar 5 - 3 y dar 2" name="Maths Deberia restar 5 - 3 y dar 2" time="0">
    </testcase>
  </testsuite>
</testsuites>